#
# There is insufficient memory for the Java Runtime Environment to continue.
# Native memory allocation (malloc) failed to allocate 1561744 bytes for Chunk::new
# Possible reasons:
#   The system is out of physical RAM or swap space
#   In 32 bit mode, the process size limit was hit
# Possible solutions:
#   Reduce memory load on the system
#   Increase physical memory or swap space
#   Check if swap backing store is full
#   Use 64 bit Java on a 64 bit OS
#   Decrease Java heap size (-Xmx/-Xms)
#   Decrease number of Java threads
#   Decrease Java thread stack sizes (-Xss)
#   Set larger code cache with -XX:ReservedCodeCacheSize=
# This output file may be truncated or incomplete.
#
#  Out of Memory Error (allocation.cpp:390), pid=15464, tid=14564
#
# JRE version: Java(TM) SE Runtime Environment (8.0_60-b27) (build 1.8.0_60-b27)
# Java VM: Java HotSpot(TM) 64-Bit Server VM (25.60-b23 mixed mode windows-amd64 compressed oops)
# Failed to write core dump. Minidumps are not enabled by default on client versions of Windows
#

---------------  T H R E A D  ---------------

Current thread (0x0000000018ddb800):  JavaThread "C2 CompilerThread1" daemon [_thread_in_native, id=14564, stack(0x00000000193c0000,0x00000000194c0000)]

Stack: [0x00000000193c0000,0x00000000194c0000]
[error occurred during error reporting (printing stack bounds), id 0xc0000005]

Native frames: (J=compiled Java code, j=interpreted, Vv=VM code, C=native code)


Current CompileTask:
C2:   2866 1976   !   4       java.net.URLClassLoader$1::run (63 bytes)


---------------  P R O C E S S  ---------------

Java Threads: ( => current thread )
  0x0000000018e7b800 JavaThread "Service Thread" daemon [_thread_blocked, id=25608, stack(0x00000000195c0000,0x00000000196c0000)]
  0x0000000018deb000 JavaThread "C1 CompilerThread2" daemon [_thread_blocked, id=17420, stack(0x00000000194c0000,0x00000000195c0000)]
=>0x0000000018ddb800 JavaThread "C2 CompilerThread1" daemon [_thread_in_native, id=14564, stack(0x00000000193c0000,0x00000000194c0000)]
  0x0000000018ddb000 JavaThread "C2 CompilerThread0" daemon [_thread_in_native, id=19436, stack(0x00000000192c0000,0x00000000193c0000)]
  0x0000000018dd9800 JavaThread "Monitor Ctrl-Break" daemon [_thread_in_native, id=23912, stack(0x00000000191c0000,0x00000000192c0000)]
  0x00000000177f3800 JavaThread "Attach Listener" daemon [_thread_blocked, id=5796, stack(0x0000000018cb0000,0x0000000018db0000)]
  0x00000000177f3000 JavaThread "Signal Dispatcher" daemon [_thread_blocked, id=21164, stack(0x0000000018bb0000,0x0000000018cb0000)]
  0x00000000177a9000 JavaThread "Finalizer" daemon [_thread_blocked, id=18364, stack(0x0000000018a40000,0x0000000018b40000)]
  0x0000000002c41800 JavaThread "Reference Handler" daemon [_thread_blocked, id=17908, stack(0x0000000018940000,0x0000000018a40000)]
  0x0000000000d1e000 JavaThread "main" [_thread_in_native, id=14196, stack(0x0000000002940000,0x0000000002a40000)]

Other Threads:
  0x00000000177a7000 VMThread [stack: 0x0000000018840000,0x0000000018940000] [id=9448]
  0x0000000018eb7000 WatcherThread [stack: 0x00000000196c0000,0x00000000197c0000] [id=25760]

VM state:not at safepoint (normal execution)

VM Mutex/Monitor currently owned by a thread: None

Heap:
 PSYoungGen      total 38400K, used 15701K [0x00000000d5d00000, 0x00000000da800000, 0x0000000100000000)
  eden space 33280K, 31% used [0x00000000d5d00000,0x00000000d675b5f0,0x00000000d7d80000)
  from space 5120K, 99% used [0x00000000d7d80000,0x00000000d827a040,0x00000000d8280000)
  to   space 5120K, 0% used [0x00000000da300000,0x00000000da300000,0x00000000da800000)
 ParOldGen       total 87552K, used 4862K [0x0000000081600000, 0x0000000086b80000, 0x00000000d5d00000)
  object space 87552K, 5% used [0x0000000081600000,0x0000000081abf910,0x0000000086b80000)
 Metaspace       used 15435K, capacity 15806K, committed 16128K, reserved 1062912K
  class space    used 1877K, capacity 1975K, committed 2048K, reserved 1048576K

Card table byte_map: [0x0000000012010000,0x0000000012410000] byte_map_base: 0x0000000011c05000

Marking Bits: (ParMarkBitMap*) 0x000000005dc1a5b0
 Begin Bits: [0x0000000012ac0000, 0x0000000014a68000)
 End Bits:   [0x0000000014a68000, 0x0000000016a10000)

Polling page: 0x00000000007d0000

CodeCache: size=245760Kb used=7058Kb max_used=7058Kb free=238701Kb
 bounds [0x0000000002c50000, 0x0000000003340000, 0x0000000011c50000]
 total_blobs=2478 nmethods=2134 adapters=256
 compilation: enabled

Compilation events (10 events):
Event: 2.859 Thread 0x0000000018deb000 2132       1       java.util.Collections$SingletonList::size (2 bytes)
Event: 2.859 Thread 0x0000000018deb000 nmethod 2132 0x0000000003335f10 code [0x0000000003336060, 0x0000000003336170]
Event: 2.860 Thread 0x0000000018deb000 2133       3       org.apache.maven.model.validation.DefaultModelValidator::validateDependencyVersion (41 bytes)
Event: 2.860 Thread 0x0000000018deb000 nmethod 2133 0x00000000033361d0 code [0x00000000033363c0, 0x0000000003336be8]
Event: 2.861 Thread 0x0000000018deb000 2134       1       org.eclipse.aether.repository.LocalArtifactResult::isAvailable (5 bytes)
Event: 2.861 Thread 0x0000000018deb000 nmethod 2134 0x0000000003336fd0 code [0x0000000003337120, 0x0000000003337230]
Event: 2.861 Thread 0x0000000018deb000 2135       3       org.eclipse.aether.RequestTrace::<init> (15 bytes)
Event: 2.861 Thread 0x0000000018deb000 nmethod 2135 0x0000000003337290 code [0x00000000033373e0, 0x00000000033375b0]
Event: 2.862 Thread 0x0000000018deb000 2136       3       org.apache.maven.model.ModelBase::getDependencies (23 bytes)
Event: 2.862 Thread 0x0000000018deb000 nmethod 2136 0x0000000003337650 code [0x00000000033377c0, 0x0000000003337b50]

GC Heap History (6 events):
Event: 0.705 GC heap before
{Heap before GC invocations=1 (full 0):
 PSYoungGen      total 38400K, used 33280K [0x00000000d5d00000, 0x00000000d8780000, 0x0000000100000000)
  eden space 33280K, 100% used [0x00000000d5d00000,0x00000000d7d80000,0x00000000d7d80000)
  from space 5120K, 0% used [0x00000000d8280000,0x00000000d8280000,0x00000000d8780000)
  to   space 5120K, 0% used [0x00000000d7d80000,0x00000000d7d80000,0x00000000d8280000)
 ParOldGen       total 87552K, used 0K [0x0000000081600000, 0x0000000086b80000, 0x00000000d5d00000)
  object space 87552K, 0% used [0x0000000081600000,0x0000000081600000,0x0000000086b80000)
 Metaspace       used 8080K, capacity 8248K, committed 8576K, reserved 1056768K
  class space    used 1001K, capacity 1052K, committed 1152K, reserved 1048576K
Event: 0.709 GC heap after
Heap after GC invocations=1 (full 0):
 PSYoungGen      total 38400K, used 4830K [0x00000000d5d00000, 0x00000000d8780000, 0x0000000100000000)
  eden space 33280K, 0% used [0x00000000d5d00000,0x00000000d5d00000,0x00000000d7d80000)
  from space 5120K, 94% used [0x00000000d7d80000,0x00000000d8237ac0,0x00000000d8280000)
  to   space 5120K, 0% used [0x00000000d8280000,0x00000000d8280000,0x00000000d8780000)
 ParOldGen       total 87552K, used 8K [0x0000000081600000, 0x0000000086b80000, 0x00000000d5d00000)
  object space 87552K, 0% used [0x0000000081600000,0x0000000081602000,0x0000000086b80000)
 Metaspace       used 8080K, capacity 8248K, committed 8576K, reserved 1056768K
  class space    used 1001K, capacity 1052K, committed 1152K, reserved 1048576K
}
Event: 1.206 GC heap before
{Heap before GC invocations=2 (full 0):
 PSYoungGen      total 38400K, used 38110K [0x00000000d5d00000, 0x00000000d8780000, 0x0000000100000000)
  eden space 33280K, 100% used [0x00000000d5d00000,0x00000000d7d80000,0x00000000d7d80000)
  from space 5120K, 94% used [0x00000000d7d80000,0x00000000d8237ac0,0x00000000d8280000)
  to   space 5120K, 0% used [0x00000000d8280000,0x00000000d8280000,0x00000000d8780000)
 ParOldGen       total 87552K, used 8K [0x0000000081600000, 0x0000000086b80000, 0x00000000d5d00000)
  object space 87552K, 0% used [0x0000000081600000,0x0000000081602000,0x0000000086b80000)
 Metaspace       used 11637K, capacity 11902K, committed 12160K, reserved 1060864K
  class space    used 1451K, capacity 1543K, committed 1664K, reserved 1048576K
Event: 1.219 GC heap after
Heap after GC invocations=2 (full 0):
 PSYoungGen      total 38400K, used 5092K [0x00000000d5d00000, 0x00000000da800000, 0x0000000100000000)
  eden space 33280K, 0% used [0x00000000d5d00000,0x00000000d5d00000,0x00000000d7d80000)
  from space 5120K, 99% used [0x00000000d8280000,0x00000000d8779360,0x00000000d8780000)
  to   space 5120K, 0% used [0x00000000d7d80000,0x00000000d7d80000,0x00000000d8280000)
 ParOldGen       total 87552K, used 1875K [0x0000000081600000, 0x0000000086b80000, 0x00000000d5d00000)
  object space 87552K, 2% used [0x0000000081600000,0x00000000817d4dc0,0x0000000086b80000)
 Metaspace       used 11637K, capacity 11902K, committed 12160K, reserved 1060864K
  class space    used 1451K, capacity 1543K, committed 1664K, reserved 1048576K
}
Event: 2.323 GC heap before
{Heap before GC invocations=3 (full 0):
 PSYoungGen      total 38400K, used 38372K [0x00000000d5d00000, 0x00000000da800000, 0x0000000100000000)
  eden space 33280K, 100% used [0x00000000d5d00000,0x00000000d7d80000,0x00000000d7d80000)
  from space 5120K, 99% used [0x00000000d8280000,0x00000000d8779360,0x00000000d8780000)
  to   space 5120K, 0% used [0x00000000d7d80000,0x00000000d7d80000,0x00000000d8280000)
 ParOldGen       total 87552K, used 1875K [0x0000000081600000, 0x0000000086b80000, 0x00000000d5d00000)
  object space 87552K, 2% used [0x0000000081600000,0x00000000817d4dc0,0x0000000086b80000)
 Metaspace       used 15238K, capacity 15512K, committed 15872K, reserved 1062912K
  class space    used 1861K, capacity 1942K, committed 2048K, reserved 1048576K
Event: 2.335 GC heap after
Heap after GC invocations=3 (full 0):
 PSYoungGen      total 38400K, used 5096K [0x00000000d5d00000, 0x00000000da800000, 0x0000000100000000)
  eden space 33280K, 0% used [0x00000000d5d00000,0x00000000d5d00000,0x00000000d7d80000)
  from space 5120K, 99% used [0x00000000d7d80000,0x00000000d827a040,0x00000000d8280000)
  to   space 5120K, 0% used [0x00000000da300000,0x00000000da300000,0x00000000da800000)
 ParOldGen       total 87552K, used 4862K [0x0000000081600000, 0x0000000086b80000, 0x00000000d5d00000)
  object space 87552K, 5% used [0x0000000081600000,0x0000000081abf910,0x0000000086b80000)
 Metaspace       used 15238K, capacity 15512K, committed 15872K, reserved 1062912K
  class space    used 1861K, capacity 1942K, committed 2048K, reserved 1048576K
}

Deoptimization events (10 events):
Event: 1.982 Thread 0x0000000000d1e000 Uncommon trap: reason=unstable_if action=reinterpret pc=0x00000000031c9f0c method=org.codehaus.plexus.util.xml.pull.MXParser.nextImpl()I @ 879
Event: 2.037 Thread 0x0000000000d1e000 Uncommon trap: reason=unstable_if action=reinterpret pc=0x0000000003205d64 method=org.codehaus.plexus.util.xml.pull.MXParser.nextImpl()I @ 1161
Event: 2.059 Thread 0x0000000000d1e000 Uncommon trap: reason=unstable_if action=reinterpret pc=0x0000000002fe983c method=java.util.HashMap.hash(Ljava/lang/Object;)I @ 1
Event: 2.059 Thread 0x0000000000d1e000 Uncommon trap: reason=unstable_if action=reinterpret pc=0x00000000030a9be8 method=java.util.HashMap.hash(Ljava/lang/Object;)I @ 1
Event: 2.077 Thread 0x0000000000d1e000 Uncommon trap: reason=unstable_if action=reinterpret pc=0x000000000323bd1c method=org.codehaus.plexus.util.xml.pull.MXParser.nextImpl()I @ 310
Event: 2.104 Thread 0x0000000000d1e000 Uncommon trap: reason=null_check action=make_not_entrant pc=0x0000000003236c9c method=org.apache.maven.model.io.xpp3.MavenXpp3Reader.checkFieldWithDuplicate(Lorg/codehaus/plexus/util/xml/pull/XmlPullParser;Ljava/lang/String;Ljava/lang/String;Ljava/util/Set
Event: 2.679 Thread 0x0000000000d1e000 Uncommon trap: reason=unstable_if action=reinterpret pc=0x0000000003237648 method=java.lang.String.trim()Ljava/lang/String; @ 63
Event: 2.690 Thread 0x0000000000d1e000 Uncommon trap: reason=unstable_if action=reinterpret pc=0x000000000324c9a0 method=org.codehaus.plexus.util.xml.pull.MXParser.nextImpl()I @ 972
Event: 2.832 Thread 0x0000000000d1e000 Uncommon trap: reason=bimorphic action=maybe_recompile pc=0x00000000031c7a44 method=java.util.concurrent.ConcurrentHashMap.get(Ljava/lang/Object;)Ljava/lang/Object; @ 149
Event: 2.842 Thread 0x0000000000d1e000 Uncommon trap: reason=bimorphic action=maybe_recompile pc=0x00000000031c7a44 method=java.util.concurrent.ConcurrentHashMap.get(Ljava/lang/Object;)Ljava/lang/Object; @ 149

Internal exceptions (10 events):
Event: 0.563 Thread 0x0000000000d1e000 Exception <a 'java/lang/ArrayIndexOutOfBoundsException': 113> (0x00000000d732dcd8) thrown at [C:\re\workspace\8-2-build-windows-amd64-cygwin\jdk8u60\4407\hotspot\src\share\vm\interpreter\interpreterRuntime.cpp, line 366]
Event: 0.563 Thread 0x0000000000d1e000 Exception <a 'java/lang/ArrayIndexOutOfBoundsException': 71> (0x00000000d732f230) thrown at [C:\re\workspace\8-2-build-windows-amd64-cygwin\jdk8u60\4407\hotspot\src\share\vm\interpreter\interpreterRuntime.cpp, line 366]
Event: 0.563 Thread 0x0000000000d1e000 Exception <a 'java/lang/ArrayIndexOutOfBoundsException': 111> (0x00000000d7330ab0) thrown at [C:\re\workspace\8-2-build-windows-amd64-cygwin\jdk8u60\4407\hotspot\src\share\vm\interpreter\interpreterRuntime.cpp, line 366]
Event: 1.443 Thread 0x0000000000d1e000 Exception <a 'java/lang/NoClassDefFoundError': com/google/inject/servlet/ServletModuleTargetVisitor> (0x00000000d65d9b98) thrown at [C:\re\workspace\8-2-build-windows-amd64-cygwin\jdk8u60\4407\hotspot\src\share\vm\classfile\systemDictionary.cpp, line 199]
Event: 1.443 Thread 0x0000000000d1e000 Exception <a 'java/lang/NoClassDefFoundError'> (0x00000000d65d9b98) thrown at [C:\re\workspace\8-2-build-windows-amd64-cygwin\jdk8u60\4407\hotspot\src\share\vm\prims\jvm.cpp, line 1390]
Event: 1.443 Thread 0x0000000000d1e000 Exception <a 'java/lang/NoClassDefFoundError': javax/annotation/Priority> (0x00000000d65de7e8) thrown at [C:\re\workspace\8-2-build-windows-amd64-cygwin\jdk8u60\4407\hotspot\src\share\vm\classfile\systemDictionary.cpp, line 199]
Event: 1.638 Thread 0x0000000000d1e000 Implicit null exception at 0x0000000002e38ddb to 0x0000000002e38f8d
Event: 2.059 Thread 0x0000000000d1e000 Implicit null exception at 0x0000000002fe9655 to 0x0000000002fe982d
Event: 2.059 Thread 0x0000000000d1e000 Implicit null exception at 0x00000000030a9b6f to 0x00000000030a9bd9
Event: 2.104 Thread 0x0000000000d1e000 Implicit null exception at 0x0000000003236a37 to 0x0000000003236c81

Events (10 events):
Event: 2.691 Thread 0x0000000000d1e000 DEOPT PACKING pc=0x000000000324c9a0 sp=0x0000000002a3c6e0
Event: 2.691 Thread 0x0000000000d1e000 DEOPT UNPACKING pc=0x0000000002c9582a sp=0x0000000002a3c648 mode 2
Event: 2.715 loading class java/util/AbstractMap$SimpleImmutableEntry
Event: 2.715 loading class java/util/AbstractMap$SimpleImmutableEntry done
Event: 2.832 Thread 0x0000000000d1e000 Uncommon trap: trap_request=0xffffffc6 fr.pc=0x00000000031c7a44
Event: 2.832 Thread 0x0000000000d1e000 DEOPT PACKING pc=0x00000000031c7a44 sp=0x0000000002a3d2e0
Event: 2.832 Thread 0x0000000000d1e000 DEOPT UNPACKING pc=0x0000000002c9582a sp=0x0000000002a3d258 mode 2
Event: 2.842 Thread 0x0000000000d1e000 Uncommon trap: trap_request=0xffffffc6 fr.pc=0x00000000031c7a44
Event: 2.842 Thread 0x0000000000d1e000 DEOPT PACKING pc=0x00000000031c7a44 sp=0x0000000002a3d2e0
Event: 2.842 Thread 0x0000000000d1e000 DEOPT UNPACKING pc=0x0000000002c9582a sp=0x0000000002a3d258 mode 2


Dynamic libraries:
0x00007ff7f5040000 - 0x00007ff7f5077000 	D:\wj\jdk\bin\java.exe
0x00007ffed6290000 - 0x00007ffed6471000 	C:\WINDOWS\SYSTEM32\ntdll.dll
0x00007ffed3bc0000 - 0x00007ffed3c71000 	C:\WINDOWS\System32\KERNEL32.DLL
0x00007ffed2760000 - 0x00007ffed29d3000 	C:\WINDOWS\System32\KERNELBASE.dll
0x00007ffed37e0000 - 0x00007ffed3881000 	C:\WINDOWS\System32\ADVAPI32.dll
0x00007ffed5d00000 - 0x00007ffed5d9e000 	C:\WINDOWS\System32\msvcrt.dll
0x00007ffed3e50000 - 0x00007ffed3eab000 	C:\WINDOWS\System32\sechost.dll
0x00007ffed3930000 - 0x00007ffed3a54000 	C:\WINDOWS\System32\RPCRT4.dll
0x00007ffed60d0000 - 0x00007ffed6260000 	C:\WINDOWS\System32\USER32.dll
0x00007ffed2e90000 - 0x00007ffed2eb0000 	C:\WINDOWS\System32\win32u.dll
0x00007ffed3900000 - 0x00007ffed3928000 	C:\WINDOWS\System32\GDI32.dll
0x00007ffed29e0000 - 0x00007ffed2b71000 	C:\WINDOWS\System32\gdi32full.dll
0x00007ffed2d70000 - 0x00007ffed2e0f000 	C:\WINDOWS\System32\msvcp_win.dll
0x00007ffed2660000 - 0x00007ffed2758000 	C:\WINDOWS\System32\ucrtbase.dll
0x00007ffec6fe0000 - 0x00007ffec7249000 	C:\WINDOWS\WinSxS\amd64_microsoft.windows.common-controls_6595b64144ccf1df_6.0.17134.885_none_fb42a3473065565f\COMCTL32.dll
0x00007ffed5da0000 - 0x00007ffed60c2000 	C:\WINDOWS\System32\combase.dll
0x00007ffed2e10000 - 0x00007ffed2e89000 	C:\WINDOWS\System32\bcryptPrimitives.dll
0x00007ffed57f0000 - 0x00007ffed581d000 	C:\WINDOWS\System32\IMM32.DLL
0x000000005e570000 - 0x000000005e642000 	D:\wj\jdk\jre\bin\msvcr100.dll
0x000000005d410000 - 0x000000005dc99000 	D:\wj\jdk\jre\bin\server\jvm.dll
0x00007ffed3c80000 - 0x00007ffed3c88000 	C:\WINDOWS\System32\PSAPI.DLL
0x00007ffec1640000 - 0x00007ffec1649000 	C:\WINDOWS\SYSTEM32\WSOCK32.dll
0x00007ffeccf90000 - 0x00007ffeccf9a000 	C:\WINDOWS\SYSTEM32\VERSION.dll
0x00007ffeceab0000 - 0x00007ffecead3000 	C:\WINDOWS\SYSTEM32\WINMM.dll
0x00007ffed40d0000 - 0x00007ffed413c000 	C:\WINDOWS\System32\WS2_32.dll
0x00007ffecea80000 - 0x00007ffeceaaa000 	C:\WINDOWS\SYSTEM32\winmmbase.dll
0x00007ffed2f10000 - 0x00007ffed2f59000 	C:\WINDOWS\System32\cfgmgr32.dll
0x000000005f110000 - 0x000000005f11f000 	D:\wj\jdk\jre\bin\verify.dll
0x000000005f0e0000 - 0x000000005f109000 	D:\wj\jdk\jre\bin\java.dll
0x000000005f0b0000 - 0x000000005f0d3000 	D:\wj\jdk\jre\bin\instrument.dll
0x000000005f090000 - 0x000000005f0a6000 	D:\wj\jdk\jre\bin\zip.dll
0x00007ffed42e0000 - 0x00007ffed5720000 	C:\WINDOWS\System32\SHELL32.dll
0x00007ffed3c90000 - 0x00007ffed3d39000 	C:\WINDOWS\System32\shcore.dll
0x00007ffed3010000 - 0x00007ffed371d000 	C:\WINDOWS\System32\windows.storage.dll
0x00007ffed38a0000 - 0x00007ffed38f1000 	C:\WINDOWS\System32\shlwapi.dll
0x00007ffed2620000 - 0x00007ffed2631000 	C:\WINDOWS\System32\kernel.appcore.dll
0x00007ffed2640000 - 0x00007ffed265f000 	C:\WINDOWS\System32\profapi.dll
0x00007ffed25c0000 - 0x00007ffed260c000 	C:\WINDOWS\System32\powrprof.dll
0x00007ffed2610000 - 0x00007ffed261a000 	C:\WINDOWS\System32\FLTLIB.DLL
0x00007ffecb270000 - 0x00007ffecb28a000 	D:\Xue\IntelliJ IDEA 2018.3.6\bin\breakgen64.dll
0x000000005f070000 - 0x000000005f08a000 	D:\wj\jdk\jre\bin\net.dll
0x00007ffed1e20000 - 0x00007ffed1e86000 	C:\WINDOWS\system32\mswsock.dll
0x000000005e550000 - 0x000000005e561000 	D:\wj\jdk\jre\bin\nio.dll

VM Arguments:
jvm_args: -Dmaven.multiModuleProjectDirectory=E:\svn\taobao-parent\taobao-user-web -Dmaven.home=D:\Xue\IntelliJ IDEA 2018.3.6\plugins\maven\lib\maven3 -Dclassworlds.conf=D:\Xue\IntelliJ IDEA 2018.3.6\plugins\maven\lib\maven3\bin\m2.conf -javaagent:D:\Xue\IntelliJ IDEA 2018.3.6\lib\idea_rt.jar=57278:D:\Xue\IntelliJ IDEA 2018.3.6\bin -Dfile.encoding=UTF-8 
java_command: org.codehaus.classworlds.Launcher -Didea.version=2018.3.6 -Dmaven.repo.local=F:\黑马web资料\阶段一\资源\本地仓库\repository_pinyougou install
java_class_path (initial): D:\Xue\IntelliJ IDEA 2018.3.6\plugins\maven\lib\maven3\boot\plexus-classworlds-2.5.2.jar;D:\Xue\IntelliJ IDEA 2018.3.6\lib\idea_rt.jar
Launcher Type: SUN_STANDARD

Environment Variables:
JAVA_HOME=D:\wj\jdk
CLASSPATH=D:\wj\jdk\lib
PATH=D:\wj\jdk\bin;C:\Program Files\Intel\WiFi\bin\;C:\Program Files\Common Files\Intel\WirelessCommon\;C:\Program Files\NVIDIA Corporation\NVIDIA NvDLISR;C:\WINDOWS\system32;C:\WINDOWS;C:\WINDOWS\System32\Wbem;C:\WINDOWS\System32\WindowsPowerShell\v1.0\;C:\WINDOWS\System32\OpenSSH\;D:\mysql-5.6.40-winx64\bin;C:\strawberry\c\bin;C:\strawberry\perl\bin;D:\Xue\Python27;D:\wj\wj\17作业\apache-tomcat-8.0.26-windows-x64\apache-maven-3.5.4-bin\apache-maven-3.5.4\bin;D:\Xue\Git\cmd;D:\Xue\bin;C:\Program Files\TortoiseSVN\bin;C:\Program Files (x86)\NVIDIA Corporation\PhysX\Common;C:\Program Files\nodejs\;C:\Users\MAIBENBEN\AppData\Local\Microsoft\WindowsApps;C:\Program Files\Intel\WiFi\bin\;C:\Program Files\Common Files\Intel\WirelessCommon\;;D:\Xue\Microsoft VS Code\bin;C:\Users\MAIBENBEN\AppData\Roaming\npm
USERNAME=MAIBENBEN
OS=Windows_NT
PROCESSOR_IDENTIFIER=Intel64 Family 6 Model 142 Stepping 10, GenuineIntel



---------------  S Y S T E M  ---------------

OS: Windows 10.0 , 64 bit Build 17134 (10.0.17134.753)

CPU:total 4 (2 cores per cpu, 2 threads per core) family 6 model 142 stepping 10, cmov, cx8, fxsr, mmx, sse, sse2, sse3, ssse3, sse4.1, sse4.2, popcnt, avx, avx2, aes, clmul, erms, 3dnowpref, lzcnt, ht, tsc, tscinvbit, bmi1, bmi2, adx

Memory: 4k page, physical 8295652k(1092240k free), swap 18781408k(5260k free)

vm_info: Java HotSpot(TM) 64-Bit Server VM (25.60-b23) for windows-amd64 JRE (1.8.0_60-b27), built on Aug  4 2015 11:06:27 by "java_re" with MS VC++ 10.0 (VS2010)

time: Tue Sep 10 16:32:30 2019
elapsed time: 2 seconds (0d 0h 0m 2s)

